<?xml version="1.0" encoding="UTF-8" standalone="no"?>
<testsuite failures="0" name="cucumber.runtime.formatter.JUnitFormatter" skipped="0" tests="4" time="28.275179">
<testcase classname="To validate login functionality of fb application" name="To validate login with invalid username and password" time="12.633395">
<system-out><![CDATA[Given user need to be in login page.........................................passed
When user should enter invalid "ana@123" and "<invalid password>"...........passed
And user should click login button..........................................passed
Then user will navigate to invalid credential page..........................passed
]]></system-out>
</testcase>
<testcase classname="To validate login functionality of fb application" name="To validate login with invalid username and password 2" time="5.185241">
<system-out><![CDATA[Given user need to be in login page.........................................passed
When user should enter invalid "anand@123" and "<invalid password>".........passed
And user should click login button..........................................passed
Then user will navigate to invalid credential page..........................passed
]]></system-out>
</testcase>
<testcase classname="To validate login functionality of fb application" name="To validate login with invalid username and password 3" time="4.920824">
<system-out><![CDATA[Given user need to be in login page.........................................passed
When user should enter invalid "Java@123" and "<invalid password>"..........passed
And user should click login button..........................................passed
Then user will navigate to invalid credential page..........................passed
]]></system-out>
</testcase>
<testcase classname="To validate search funtionality of flipkart application" name="To  validate searchbox with product name" time="5.535719">
<system-out><![CDATA[Given user needs to be in flipkart homepage.................................passed
When user should enter product name in searchbox............................passed
And user should click search button.........................................passed
Then user will navigaye to products page....................................passed
]]></system-out>
</testcase>
</testsuite>
